app/build/intermediates/manifest_merge_blame_file/debug/manifest-merger-blame-debug-report.txt
1<?xml version="1.0" encoding="utf-8"?>
2<manifest xmlns:android="http://schemas.android.com/apk/res/android"
3    package="com.google.mlkit.samples.nl.translate"
4    android:versionCode="1"
5    android:versionName="1.0" >
6
7    <uses-sdk
8        android:minSdkVersion="28"
8-->src/main/AndroidManifest.xml
9        android:targetSdkVersion="31" />
9-->src/main/AndroidManifest.xml
10
11    <uses-permission android:name="android.permission.FOREGROUND_SERVICE" />
11-->src/main/AndroidManifest.xml:7:5-76
11-->src/main/AndroidManifest.xml:7:22-74
12    <uses-permission android:name="android.permission.ACCESS_NETWORK_STATE" />
12-->[com.google.mlkit:translate:17.0.1] AndroidManifest.xml:7:5-79
12-->[com.google.mlkit:translate:17.0.1] AndroidManifest.xml:7:22-76
13    <uses-permission android:name="android.permission.INTERNET" />
13-->[com.google.mlkit:translate:17.0.1] AndroidManifest.xml:8:5-67
13-->[com.google.mlkit:translate:17.0.1] AndroidManifest.xml:8:22-64
14
15    <application
15-->src/main/AndroidManifest.xml:9:3-25:17
16        android:allowBackup="true"
16-->src/main/AndroidManifest.xml:10:7-33
17        android:appComponentFactory="androidx.core.app.CoreComponentFactory"
17-->[androidx.core:core:1.3.1] AndroidManifest.xml:24:18-86
18        android:debuggable="true"
19        android:extractNativeLibs="false"
20        android:icon="@drawable/logo_mlkit"
20-->src/main/AndroidManifest.xml:11:7-42
21        android:label="@string/app_name"
21-->src/main/AndroidManifest.xml:12:7-39
22        android:testOnly="true"
23        android:theme="@style/AppTheme" >
23-->src/main/AndroidManifest.xml:13:7-38
24        <activity
24-->src/main/AndroidManifest.xml:15:5-22:16
25            android:name="com.google.mlkit.samples.nl.translate.java.MainActivity"
25-->src/main/AndroidManifest.xml:16:9-42
26            android:exported="true" >
26-->src/main/AndroidManifest.xml:17:9-32
27            <intent-filter>
27-->src/main/AndroidManifest.xml:18:9-21:25
28                <action android:name="android.intent.action.MAIN" />
28-->src/main/AndroidManifest.xml:19:11-63
28-->src/main/AndroidManifest.xml:19:19-60
29
30                <category android:name="android.intent.category.LAUNCHER" />
30-->src/main/AndroidManifest.xml:20:11-71
30-->src/main/AndroidManifest.xml:20:21-68
31            </intent-filter>
32        </activity>
33
34        <service android:name="com.google.mlkit.samples.nl.translate.java.TranslationService" />
34-->src/main/AndroidManifest.xml:23:7-66
34-->src/main/AndroidManifest.xml:23:16-55
35        <service
35-->[com.google.mlkit:translate:17.0.1] AndroidManifest.xml:11:9-17:19
36            android:name="com.google.mlkit.common.internal.MlKitComponentDiscoveryService"
36-->[com.google.mlkit:translate:17.0.1] AndroidManifest.xml:12:13-91
37            android:directBootAware="true"
37-->[com.google.mlkit:common:18.5.0] AndroidManifest.xml:17:13-43
38            android:exported="false" >
38-->[com.google.mlkit:translate:17.0.1] AndroidManifest.xml:13:13-37
39            <meta-data
39-->[com.google.mlkit:translate:17.0.1] AndroidManifest.xml:14:13-16:85
40                android:name="com.google.firebase.components:com.google.mlkit.nl.translate.NaturalLanguageTranslateRegistrar"
40-->[com.google.mlkit:translate:17.0.1] AndroidManifest.xml:15:17-126
41                android:value="com.google.firebase.components.ComponentRegistrar" />
41-->[com.google.mlkit:translate:17.0.1] AndroidManifest.xml:16:17-82
42            <meta-data
42-->[com.google.mlkit:common:18.5.0] AndroidManifest.xml:20:13-22:85
43                android:name="com.google.firebase.components:com.google.mlkit.common.internal.CommonComponentRegistrar"
43-->[com.google.mlkit:common:18.5.0] AndroidManifest.xml:21:17-120
44                android:value="com.google.firebase.components.ComponentRegistrar" />
44-->[com.google.mlkit:common:18.5.0] AndroidManifest.xml:22:17-82
45        </service>
46
47        <provider
47-->[com.google.mlkit:common:18.5.0] AndroidManifest.xml:9:9-13:38
48            android:name="com.google.mlkit.common.internal.MlKitInitProvider"
48-->[com.google.mlkit:common:18.5.0] AndroidManifest.xml:10:13-78
49            android:authorities="com.google.mlkit.samples.nl.translate.mlkitinitprovider"
49-->[com.google.mlkit:common:18.5.0] AndroidManifest.xml:11:13-69
50            android:exported="false"
50-->[com.google.mlkit:common:18.5.0] AndroidManifest.xml:12:13-37
51            android:initOrder="99" />
51-->[com.google.mlkit:common:18.5.0] AndroidManifest.xml:13:13-35
52
53        <activity
53-->[com.google.android.gms:play-services-base:18.1.0] AndroidManifest.xml:20:9-22:45
54            android:name="com.google.android.gms.common.api.GoogleApiActivity"
54-->[com.google.android.gms:play-services-base:18.1.0] AndroidManifest.xml:20:19-85
55            android:exported="false"
55-->[com.google.android.gms:play-services-base:18.1.0] AndroidManifest.xml:22:19-43
56            android:theme="@android:style/Theme.Translucent.NoTitleBar" />
56-->[com.google.android.gms:play-services-base:18.1.0] AndroidManifest.xml:21:19-78
57
58        <meta-data
58-->[com.google.android.gms:play-services-basement:18.1.0] AndroidManifest.xml:21:9-23:69
59            android:name="com.google.android.gms.version"
59-->[com.google.android.gms:play-services-basement:18.1.0] AndroidManifest.xml:22:13-58
60            android:value="@integer/google_play_services_version" />
60-->[com.google.android.gms:play-services-basement:18.1.0] AndroidManifest.xml:23:13-66
61
62        <service
62-->[com.google.android.datatransport:transport-backend-cct:2.3.3] AndroidManifest.xml:29:9-35:19
63            android:name="com.google.android.datatransport.runtime.backends.TransportBackendDiscovery"
63-->[com.google.android.datatransport:transport-backend-cct:2.3.3] AndroidManifest.xml:30:13-103
64            android:exported="false" >
64-->[com.google.android.datatransport:transport-backend-cct:2.3.3] AndroidManifest.xml:31:13-37
65            <meta-data
65-->[com.google.android.datatransport:transport-backend-cct:2.3.3] AndroidManifest.xml:32:13-34:39
66                android:name="backend:com.google.android.datatransport.cct.CctBackendFactory"
66-->[com.google.android.datatransport:transport-backend-cct:2.3.3] AndroidManifest.xml:33:17-94
67                android:value="cct" />
67-->[com.google.android.datatransport:transport-backend-cct:2.3.3] AndroidManifest.xml:34:17-36
68        </service>
69        <service
69-->[com.google.android.datatransport:transport-runtime:2.2.6] AndroidManifest.xml:26:9-30:19
70            android:name="com.google.android.datatransport.runtime.scheduling.jobscheduling.JobInfoSchedulerService"
70-->[com.google.android.datatransport:transport-runtime:2.2.6] AndroidManifest.xml:27:13-117
71            android:exported="false"
71-->[com.google.android.datatransport:transport-runtime:2.2.6] AndroidManifest.xml:28:13-37
72            android:permission="android.permission.BIND_JOB_SERVICE" >
72-->[com.google.android.datatransport:transport-runtime:2.2.6] AndroidManifest.xml:29:13-69
73        </service>
74
75        <receiver
75-->[com.google.android.datatransport:transport-runtime:2.2.6] AndroidManifest.xml:32:9-34:40
76            android:name="com.google.android.datatransport.runtime.scheduling.jobscheduling.AlarmManagerSchedulerBroadcastReceiver"
76-->[com.google.android.datatransport:transport-runtime:2.2.6] AndroidManifest.xml:33:13-132
77            android:exported="false" />
77-->[com.google.android.datatransport:transport-runtime:2.2.6] AndroidManifest.xml:34:13-37
78
79        <provider
79-->[androidx.lifecycle:lifecycle-process:2.2.0] AndroidManifest.xml:25:9-29:43
80            android:name="androidx.lifecycle.ProcessLifecycleOwnerInitializer"
80-->[androidx.lifecycle:lifecycle-process:2.2.0] AndroidManifest.xml:26:13-79
81            android:authorities="com.google.mlkit.samples.nl.translate.lifecycle-process"
81-->[androidx.lifecycle:lifecycle-process:2.2.0] AndroidManifest.xml:27:13-69
82            android:exported="false"
82-->[androidx.lifecycle:lifecycle-process:2.2.0] AndroidManifest.xml:28:13-37
83            android:multiprocess="true" />
83-->[androidx.lifecycle:lifecycle-process:2.2.0] AndroidManifest.xml:29:13-40
84    </application>
85
86</manifest>